<?xml version="1.0" encoding="UTF-8"?>
<!-- Generated by org.testng.reporters.JUnitReportReporter -->
<testsuite hostname="ASN69" failures="2" tests="2" name="auto.AutoTest_w_AutoData" time="96.306" errors="0" timestamp="2023-01-07T22:05:36 EST" skipped="0">
  <testcase classname="auto.AutoTest_w_AutoData" name="homeQuoteWithAutoData" time="48.802">
    <failure message="null" type="java.lang.AssertionError">
      <![CDATA[java.lang.AssertionError: null
at org.testng.Assert.fail(Assert.java:110)
at org.testng.Assert.fail(Assert.java:115)
at common.CommonActions.input(CommonActions.java:21)
at pages.home.AboutYou.aboutYouStep(AboutYou.java:43)
at auto.AutoTest_w_AutoData.homeQuoteWithAutoData(AutoTest_w_AutoData.java:14)
at java.base/jdk.internal.reflect.NativeMethodAccessorImpl.invoke0(Native Method)
at java.base/jdk.internal.reflect.NativeMethodAccessorImpl.invoke(NativeMethodAccessorImpl.java:77)
at java.base/jdk.internal.reflect.DelegatingMethodAccessorImpl.invoke(DelegatingMethodAccessorImpl.java:43)
at java.base/java.lang.reflect.Method.invoke(Method.java:568)
at org.testng.internal.invokers.MethodInvocationHelper.invokeMethod(MethodInvocationHelper.java:135)
at org.testng.internal.invokers.TestInvoker.invokeMethod(TestInvoker.java:673)
at org.testng.internal.invokers.TestInvoker.invokeTestMethod(TestInvoker.java:220)
at org.testng.internal.invokers.MethodRunner.runInSequence(MethodRunner.java:50)
at org.testng.internal.invokers.TestInvoker$MethodInvocationAgent.invoke(TestInvoker.java:945)
at org.testng.internal.invokers.TestInvoker.invokeTestMethods(TestInvoker.java:193)
at org.testng.internal.invokers.TestMethodWorker.invokeTestMethods(TestMethodWorker.java:146)
at org.testng.internal.invokers.TestMethodWorker.run(TestMethodWorker.java:128)
at java.base/java.util.ArrayList.forEach(ArrayList.java:1511)
at org.testng.TestRunner.privateRun(TestRunner.java:808)
at org.testng.TestRunner.run(TestRunner.java:603)
at org.testng.SuiteRunner.runTest(SuiteRunner.java:429)
at org.testng.SuiteRunner.runSequentially(SuiteRunner.java:423)
at org.testng.SuiteRunner.privateRun(SuiteRunner.java:383)
at org.testng.SuiteRunner.run(SuiteRunner.java:326)
at org.testng.SuiteRunnerWorker.runSuite(SuiteRunnerWorker.java:52)
at org.testng.SuiteRunnerWorker.run(SuiteRunnerWorker.java:95)
at org.testng.TestNG.runSuitesSequentially(TestNG.java:1249)
at org.testng.TestNG.runSuitesLocally(TestNG.java:1169)
at org.testng.TestNG.runSuites(TestNG.java:1092)
at org.testng.TestNG.run(TestNG.java:1060)
at org.testng.remote.AbstractRemoteTestNG.run(AbstractRemoteTestNG.java:115)
at org.testng.remote.RemoteTestNG.initAndRun(RemoteTestNG.java:251)
at org.testng.remote.RemoteTestNG.main(RemoteTestNG.java:77)
]]>
    </failure>
  </testcase> <!-- homeQuoteWithAutoData -->
  <system-out>
    <![CDATA[11230 : has been passed to ---->[[ChromeDriver: chrome on WINDOWS (b067150066494bbbc9f4db83cc7cfef8)] -> name: zipCode]<br>
[[ChromeDriver: chrome on WINDOWS (b067150066494bbbc9f4db83cc7cfef8)] -> id: trans-fake-get-quote] <---- has been clicked<br>
[[ChromeDriver: chrome on WINDOWS (b067150066494bbbc9f4db83cc7cfef8)] -> id: lbl-0-2] <---- has been clicked<br>
[[ChromeDriver: chrome on WINDOWS (b067150066494bbbc9f4db83cc7cfef8)] -> id: body-btn-get-quote] <---- has been clicked<br>
[[ChromeDriver: chrome on WINDOWS (b067150066494bbbc9f4db83cc7cfef8)] -> xpath: //label[@id='currentTrvCustomerNo']] <---- has been clicked<br>
ELEMENT NOT FOUND ----->Proxy element for: DefaultElementLocator 'By.xpath: //input[@id='firstName']'<br>]]>
  </system-out>
  <testcase classname="auto.AutoTest_w_AutoData" name="homeQuoteWithAutoDataNoParam" time="47.504">
    <failure message="null" type="java.lang.AssertionError">
      <![CDATA[java.lang.AssertionError: null
at org.testng.Assert.fail(Assert.java:110)
at org.testng.Assert.fail(Assert.java:115)
at common.CommonActions.input(CommonActions.java:21)
at pages.home.AboutYou.aboutYouStep(AboutYou.java:53)
at auto.AutoTest_w_AutoData.homeQuoteWithAutoDataNoParam(AutoTest_w_AutoData.java:19)
at java.base/jdk.internal.reflect.NativeMethodAccessorImpl.invoke0(Native Method)
at java.base/jdk.internal.reflect.NativeMethodAccessorImpl.invoke(NativeMethodAccessorImpl.java:77)
at java.base/jdk.internal.reflect.DelegatingMethodAccessorImpl.invoke(DelegatingMethodAccessorImpl.java:43)
at java.base/java.lang.reflect.Method.invoke(Method.java:568)
at org.testng.internal.invokers.MethodInvocationHelper.invokeMethod(MethodInvocationHelper.java:135)
at org.testng.internal.invokers.TestInvoker.invokeMethod(TestInvoker.java:673)
at org.testng.internal.invokers.TestInvoker.invokeTestMethod(TestInvoker.java:220)
at org.testng.internal.invokers.MethodRunner.runInSequence(MethodRunner.java:50)
at org.testng.internal.invokers.TestInvoker$MethodInvocationAgent.invoke(TestInvoker.java:945)
at org.testng.internal.invokers.TestInvoker.invokeTestMethods(TestInvoker.java:193)
at org.testng.internal.invokers.TestMethodWorker.invokeTestMethods(TestMethodWorker.java:146)
at org.testng.internal.invokers.TestMethodWorker.run(TestMethodWorker.java:128)
at java.base/java.util.ArrayList.forEach(ArrayList.java:1511)
at org.testng.TestRunner.privateRun(TestRunner.java:808)
at org.testng.TestRunner.run(TestRunner.java:603)
at org.testng.SuiteRunner.runTest(SuiteRunner.java:429)
at org.testng.SuiteRunner.runSequentially(SuiteRunner.java:423)
at org.testng.SuiteRunner.privateRun(SuiteRunner.java:383)
at org.testng.SuiteRunner.run(SuiteRunner.java:326)
at org.testng.SuiteRunnerWorker.runSuite(SuiteRunnerWorker.java:52)
at org.testng.SuiteRunnerWorker.run(SuiteRunnerWorker.java:95)
at org.testng.TestNG.runSuitesSequentially(TestNG.java:1249)
at org.testng.TestNG.runSuitesLocally(TestNG.java:1169)
at org.testng.TestNG.runSuites(TestNG.java:1092)
at org.testng.TestNG.run(TestNG.java:1060)
at org.testng.remote.AbstractRemoteTestNG.run(AbstractRemoteTestNG.java:115)
at org.testng.remote.RemoteTestNG.initAndRun(RemoteTestNG.java:251)
at org.testng.remote.RemoteTestNG.main(RemoteTestNG.java:77)
]]>
    </failure>
  </testcase> <!-- homeQuoteWithAutoDataNoParam -->
  <system-out>
    <![CDATA[11230 : has been passed to ---->[[ChromeDriver: chrome on WINDOWS (3319acc142819d5c6ae25ac19f0bc0e9)] -> name: zipCode]<br>
[[ChromeDriver: chrome on WINDOWS (3319acc142819d5c6ae25ac19f0bc0e9)] -> id: trans-fake-get-quote] <---- has been clicked<br>
[[ChromeDriver: chrome on WINDOWS (3319acc142819d5c6ae25ac19f0bc0e9)] -> id: lbl-0-2] <---- has been clicked<br>
[[ChromeDriver: chrome on WINDOWS (3319acc142819d5c6ae25ac19f0bc0e9)] -> id: body-btn-get-quote] <---- has been clicked<br>
[[ChromeDriver: chrome on WINDOWS (3319acc142819d5c6ae25ac19f0bc0e9)] -> xpath: //label[@id='currentTrvCustomerNo']] <---- has been clicked<br>
ELEMENT NOT FOUND ----->Proxy element for: DefaultElementLocator 'By.xpath: //input[@id='firstName']'<br>]]>
  </system-out>
</testsuite> <!-- auto.AutoTest_w_AutoData -->
